{"/home/aleksas/repos/advent-of-code/2022/day2/index.js": {"path":"/home/aleksas/repos/advent-of-code/2022/day2/index.js","all":false,"statementMap":{"0":{"start":{"line":1,"column":0},"end":{"line":1,"column":34}},"1":{"start":{"line":2,"column":0},"end":{"line":2,"column":32}},"2":{"start":{"line":3,"column":0},"end":{"line":3,"column":0}},"3":{"start":{"line":4,"column":0},"end":{"line":4,"column":15}},"4":{"start":{"line":5,"column":0},"end":{"line":5,"column":0}},"5":{"start":{"line":6,"column":0},"end":{"line":6,"column":5}},"6":{"start":{"line":7,"column":0},"end":{"line":7,"column":59}},"7":{"start":{"line":8,"column":0},"end":{"line":8,"column":0}},"8":{"start":{"line":9,"column":0},"end":{"line":9,"column":50}},"9":{"start":{"line":10,"column":0},"end":{"line":10,"column":61}},"10":{"start":{"line":11,"column":0},"end":{"line":11,"column":33}},"11":{"start":{"line":12,"column":0},"end":{"line":12,"column":17}},"12":{"start":{"line":13,"column":0},"end":{"line":13,"column":23}},"13":{"start":{"line":14,"column":0},"end":{"line":14,"column":1}},"14":{"start":{"line":15,"column":0},"end":{"line":15,"column":23}},"15":{"start":{"line":16,"column":0},"end":{"line":16,"column":19}},"16":{"start":{"line":17,"column":0},"end":{"line":17,"column":19}},"17":{"start":{"line":18,"column":0},"end":{"line":18,"column":19}},"18":{"start":{"line":19,"column":0},"end":{"line":19,"column":0}},"19":{"start":{"line":20,"column":0},"end":{"line":20,"column":5}},"20":{"start":{"line":21,"column":0},"end":{"line":21,"column":19}},"21":{"start":{"line":22,"column":0},"end":{"line":22,"column":19}},"22":{"start":{"line":23,"column":0},"end":{"line":23,"column":19}},"23":{"start":{"line":24,"column":0},"end":{"line":24,"column":0}},"24":{"start":{"line":25,"column":0},"end":{"line":25,"column":19}},"25":{"start":{"line":26,"column":0},"end":{"line":26,"column":11}},"26":{"start":{"line":27,"column":0},"end":{"line":27,"column":11}},"27":{"start":{"line":28,"column":0},"end":{"line":28,"column":10}},"28":{"start":{"line":29,"column":0},"end":{"line":29,"column":0}},"29":{"start":{"line":30,"column":0},"end":{"line":30,"column":58}},"30":{"start":{"line":31,"column":0},"end":{"line":31,"column":0}},"31":{"start":{"line":32,"column":0},"end":{"line":32,"column":41}},"32":{"start":{"line":33,"column":0},"end":{"line":33,"column":23}},"33":{"start":{"line":34,"column":0},"end":{"line":34,"column":11}},"34":{"start":{"line":35,"column":0},"end":{"line":35,"column":22}},"35":{"start":{"line":36,"column":0},"end":{"line":36,"column":23}},"36":{"start":{"line":37,"column":0},"end":{"line":37,"column":17}},"37":{"start":{"line":38,"column":0},"end":{"line":38,"column":24}},"38":{"start":{"line":39,"column":0},"end":{"line":39,"column":17}},"39":{"start":{"line":40,"column":0},"end":{"line":40,"column":15}},"40":{"start":{"line":41,"column":0},"end":{"line":41,"column":17}},"41":{"start":{"line":42,"column":0},"end":{"line":42,"column":5}},"42":{"start":{"line":43,"column":0},"end":{"line":43,"column":30}},"43":{"start":{"line":44,"column":0},"end":{"line":44,"column":11}},"44":{"start":{"line":45,"column":0},"end":{"line":45,"column":22}},"45":{"start":{"line":46,"column":0},"end":{"line":46,"column":23}},"46":{"start":{"line":47,"column":0},"end":{"line":47,"column":17}},"47":{"start":{"line":48,"column":0},"end":{"line":48,"column":24}},"48":{"start":{"line":49,"column":0},"end":{"line":49,"column":17}},"49":{"start":{"line":50,"column":0},"end":{"line":50,"column":15}},"50":{"start":{"line":51,"column":0},"end":{"line":51,"column":17}},"51":{"start":{"line":52,"column":0},"end":{"line":52,"column":5}},"52":{"start":{"line":53,"column":0},"end":{"line":53,"column":30}},"53":{"start":{"line":54,"column":0},"end":{"line":54,"column":15}},"54":{"start":{"line":55,"column":0},"end":{"line":55,"column":22}},"55":{"start":{"line":56,"column":0},"end":{"line":56,"column":23}},"56":{"start":{"line":57,"column":0},"end":{"line":57,"column":17}},"57":{"start":{"line":58,"column":0},"end":{"line":58,"column":15}},"58":{"start":{"line":59,"column":0},"end":{"line":59,"column":26}},"59":{"start":{"line":60,"column":0},"end":{"line":60,"column":15}},"60":{"start":{"line":61,"column":0},"end":{"line":61,"column":17}},"61":{"start":{"line":62,"column":0},"end":{"line":62,"column":5}},"62":{"start":{"line":63,"column":0},"end":{"line":63,"column":3}},"63":{"start":{"line":64,"column":0},"end":{"line":64,"column":2}},"64":{"start":{"line":65,"column":0},"end":{"line":65,"column":0}},"65":{"start":{"line":66,"column":0},"end":{"line":66,"column":35}},"66":{"start":{"line":67,"column":0},"end":{"line":67,"column":29}},"67":{"start":{"line":68,"column":0},"end":{"line":68,"column":11}},"68":{"start":{"line":69,"column":0},"end":{"line":69,"column":16}},"69":{"start":{"line":70,"column":0},"end":{"line":70,"column":42}},"70":{"start":{"line":71,"column":0},"end":{"line":71,"column":0}},"71":{"start":{"line":72,"column":0},"end":{"line":72,"column":65}},"72":{"start":{"line":73,"column":0},"end":{"line":73,"column":1}},"73":{"start":{"line":74,"column":0},"end":{"line":74,"column":41}},"74":{"start":{"line":75,"column":0},"end":{"line":75,"column":29}},"75":{"start":{"line":76,"column":0},"end":{"line":76,"column":11}},"76":{"start":{"line":77,"column":0},"end":{"line":77,"column":16}},"77":{"start":{"line":78,"column":0},"end":{"line":78,"column":42}},"78":{"start":{"line":79,"column":0},"end":{"line":79,"column":0}},"79":{"start":{"line":80,"column":0},"end":{"line":80,"column":34}},"80":{"start":{"line":81,"column":0},"end":{"line":81,"column":17}},"81":{"start":{"line":82,"column":0},"end":{"line":82,"column":68}},"82":{"start":{"line":83,"column":0},"end":{"line":83,"column":31}},"83":{"start":{"line":84,"column":0},"end":{"line":84,"column":7}},"84":{"start":{"line":85,"column":0},"end":{"line":85,"column":0}},"85":{"start":{"line":86,"column":0},"end":{"line":86,"column":75}},"86":{"start":{"line":87,"column":0},"end":{"line":87,"column":1}},"87":{"start":{"line":88,"column":0},"end":{"line":88,"column":0}},"88":{"start":{"line":89,"column":0},"end":{"line":89,"column":18}},"89":{"start":{"line":90,"column":0},"end":{"line":90,"column":18}},"90":{"start":{"line":91,"column":0},"end":{"line":91,"column":20}},"91":{"start":{"line":92,"column":0},"end":{"line":92,"column":14}},"92":{"start":{"line":93,"column":0},"end":{"line":93,"column":14}},"93":{"start":{"line":94,"column":0},"end":{"line":94,"column":18}},"94":{"start":{"line":95,"column":0},"end":{"line":95,"column":10}},"95":{"start":{"line":96,"column":0},"end":{"line":96,"column":10}},"96":{"start":{"line":97,"column":0},"end":{"line":97,"column":9}},"97":{"start":{"line":98,"column":0},"end":{"line":98,"column":2}},"98":{"start":{"line":99,"column":0},"end":{"line":99,"column":0}},"99":{"start":{"line":100,"column":0},"end":{"line":100,"column":51}},"100":{"start":{"line":101,"column":0},"end":{"line":101,"column":23}},"101":{"start":{"line":102,"column":0},"end":{"line":102,"column":11}},"102":{"start":{"line":103,"column":0},"end":{"line":103,"column":22}},"103":{"start":{"line":104,"column":0},"end":{"line":104,"column":23}},"104":{"start":{"line":105,"column":0},"end":{"line":105,"column":53}},"105":{"start":{"line":106,"column":0},"end":{"line":106,"column":23}},"106":{"start":{"line":107,"column":0},"end":{"line":107,"column":49}},"107":{"start":{"line":108,"column":0},"end":{"line":108,"column":22}},"108":{"start":{"line":109,"column":0},"end":{"line":109,"column":49}},"109":{"start":{"line":110,"column":0},"end":{"line":110,"column":5}},"110":{"start":{"line":111,"column":0},"end":{"line":111,"column":30}},"111":{"start":{"line":112,"column":0},"end":{"line":112,"column":11}},"112":{"start":{"line":113,"column":0},"end":{"line":113,"column":22}},"113":{"start":{"line":114,"column":0},"end":{"line":114,"column":23}},"114":{"start":{"line":115,"column":0},"end":{"line":115,"column":49}},"115":{"start":{"line":116,"column":0},"end":{"line":116,"column":23}},"116":{"start":{"line":117,"column":0},"end":{"line":117,"column":50}},"117":{"start":{"line":118,"column":0},"end":{"line":118,"column":22}},"118":{"start":{"line":119,"column":0},"end":{"line":119,"column":52}},"119":{"start":{"line":120,"column":0},"end":{"line":120,"column":5}},"120":{"start":{"line":121,"column":0},"end":{"line":121,"column":30}},"121":{"start":{"line":122,"column":0},"end":{"line":122,"column":15}},"122":{"start":{"line":123,"column":0},"end":{"line":123,"column":22}},"123":{"start":{"line":124,"column":0},"end":{"line":124,"column":23}},"124":{"start":{"line":125,"column":0},"end":{"line":125,"column":50}},"125":{"start":{"line":126,"column":0},"end":{"line":126,"column":23}},"126":{"start":{"line":127,"column":0},"end":{"line":127,"column":53}},"127":{"start":{"line":128,"column":0},"end":{"line":128,"column":22}},"128":{"start":{"line":129,"column":0},"end":{"line":129,"column":48}},"129":{"start":{"line":130,"column":0},"end":{"line":130,"column":5}},"130":{"start":{"line":131,"column":0},"end":{"line":131,"column":3}},"131":{"start":{"line":132,"column":0},"end":{"line":132,"column":2}},"132":{"start":{"line":133,"column":0},"end":{"line":133,"column":0}},"133":{"start":{"line":134,"column":0},"end":{"line":134,"column":58}},"134":{"start":{"line":135,"column":0},"end":{"line":135,"column":54}}},"s":{"0":1,"1":1,"2":1,"3":1,"4":1,"5":1,"6":1,"7":1,"8":1,"9":1,"10":1,"11":1,"12":0,"13":0,"14":1,"15":1,"16":1,"17":1,"18":1,"19":1,"20":1,"21":1,"22":1,"23":1,"24":1,"25":1,"26":1,"27":1,"28":1,"29":1,"30":1,"31":1,"32":3,"33":1,"34":1,"35":1,"36":0,"37":1,"38":1,"39":1,"40":0,"41":1,"42":3,"43":1,"44":1,"45":1,"46":1,"47":1,"48":0,"49":1,"50":0,"51":1,"52":1,"53":1,"54":1,"55":1,"56":0,"57":1,"58":1,"59":1,"60":1,"61":1,"62":1,"63":1,"64":1,"65":1,"66":1,"67":1,"68":1,"69":1,"70":1,"71":1,"72":1,"73":1,"74":2,"75":2,"76":2,"77":2,"78":2,"79":2,"80":2,"81":2,"82":2,"83":2,"84":2,"85":2,"86":2,"87":1,"88":1,"89":1,"90":1,"91":1,"92":1,"93":1,"94":1,"95":1,"96":1,"97":1,"98":1,"99":1,"100":2503,"101":676,"102":676,"103":676,"104":562,"105":676,"106":67,"107":676,"108":47,"109":676,"110":2503,"111":470,"112":470,"113":470,"114":264,"115":470,"116":32,"117":470,"118":174,"119":470,"120":1827,"121":1357,"122":1357,"123":1357,"124":139,"125":1357,"126":1001,"127":1357,"128":217,"129":1357,"130":1357,"131":1,"132":1,"133":1,"134":1},"branchMap":{"0":{"type":"branch","line":1,"loc":{"start":{"line":1,"column":0},"end":{"line":135,"column":54}},"locations":[{"start":{"line":1,"column":0},"end":{"line":135,"column":54}}]},"1":{"type":"branch","line":12,"loc":{"start":{"line":12,"column":2},"end":{"line":14,"column":1}},"locations":[{"start":{"line":12,"column":2},"end":{"line":14,"column":1}}]},"2":{"type":"branch","line":30,"loc":{"start":{"line":30,"column":10},"end":{"line":30,"column":57}},"locations":[{"start":{"line":30,"column":10},"end":{"line":30,"column":57}}]},"3":{"type":"branch","line":30,"loc":{"start":{"line":30,"column":38},"end":{"line":30,"column":53}},"locations":[{"start":{"line":30,"column":38},"end":{"line":30,"column":53}}]},"4":{"type":"branch","line":32,"loc":{"start":{"line":32,"column":18},"end":{"line":64,"column":1}},"locations":[{"start":{"line":32,"column":18},"end":{"line":64,"column":1}}]},"5":{"type":"branch","line":33,"loc":{"start":{"line":33,"column":22},"end":{"line":43,"column":3}},"locations":[{"start":{"line":33,"column":22},"end":{"line":43,"column":3}}]},"6":{"type":"branch","line":36,"loc":{"start":{"line":36,"column":6},"end":{"line":37,"column":17}},"locations":[{"start":{"line":36,"column":6},"end":{"line":37,"column":17}}]},"7":{"type":"branch","line":40,"loc":{"start":{"line":40,"column":6},"end":{"line":41,"column":17}},"locations":[{"start":{"line":40,"column":6},"end":{"line":41,"column":17}}]},"8":{"type":"branch","line":43,"loc":{"start":{"line":43,"column":3},"end":{"line":63,"column":3}},"locations":[{"start":{"line":43,"column":3},"end":{"line":63,"column":3}}]},"9":{"type":"branch","line":43,"loc":{"start":{"line":43,"column":29},"end":{"line":63,"column":3}},"locations":[{"start":{"line":43,"column":29},"end":{"line":63,"column":3}}]},"10":{"type":"branch","line":48,"loc":{"start":{"line":48,"column":6},"end":{"line":49,"column":17}},"locations":[{"start":{"line":48,"column":6},"end":{"line":49,"column":17}}]},"11":{"type":"branch","line":50,"loc":{"start":{"line":50,"column":6},"end":{"line":51,"column":17}},"locations":[{"start":{"line":50,"column":6},"end":{"line":51,"column":17}}]},"12":{"type":"branch","line":56,"loc":{"start":{"line":56,"column":6},"end":{"line":57,"column":17}},"locations":[{"start":{"line":56,"column":6},"end":{"line":57,"column":17}}]},"13":{"type":"branch","line":58,"loc":{"start":{"line":58,"column":6},"end":{"line":59,"column":17}},"locations":[{"start":{"line":58,"column":6},"end":{"line":59,"column":17}}]},"14":{"type":"branch","line":66,"loc":{"start":{"line":66,"column":7},"end":{"line":73,"column":1}},"locations":[{"start":{"line":66,"column":7},"end":{"line":73,"column":1}}]},"15":{"type":"branch","line":70,"loc":{"start":{"line":70,"column":9},"end":{"line":70,"column":40}},"locations":[{"start":{"line":70,"column":9},"end":{"line":70,"column":40}}]},"16":{"type":"branch","line":72,"loc":{"start":{"line":72,"column":33},"end":{"line":72,"column":62}},"locations":[{"start":{"line":72,"column":33},"end":{"line":72,"column":62}}]},"17":{"type":"branch","line":74,"loc":{"start":{"line":74,"column":7},"end":{"line":87,"column":1}},"locations":[{"start":{"line":74,"column":7},"end":{"line":87,"column":1}}]},"18":{"type":"branch","line":78,"loc":{"start":{"line":78,"column":9},"end":{"line":78,"column":40}},"locations":[{"start":{"line":78,"column":9},"end":{"line":78,"column":40}}]},"19":{"type":"branch","line":86,"loc":{"start":{"line":86,"column":33},"end":{"line":86,"column":72}},"locations":[{"start":{"line":86,"column":33},"end":{"line":86,"column":72}}]},"20":{"type":"branch","line":100,"loc":{"start":{"line":100,"column":28},"end":{"line":132,"column":1}},"locations":[{"start":{"line":100,"column":28},"end":{"line":132,"column":1}}]},"21":{"type":"branch","line":101,"loc":{"start":{"line":101,"column":22},"end":{"line":111,"column":3}},"locations":[{"start":{"line":101,"column":22},"end":{"line":111,"column":3}}]},"22":{"type":"branch","line":104,"loc":{"start":{"line":104,"column":6},"end":{"line":105,"column":53}},"locations":[{"start":{"line":104,"column":6},"end":{"line":105,"column":53}}]},"23":{"type":"branch","line":106,"loc":{"start":{"line":106,"column":6},"end":{"line":107,"column":49}},"locations":[{"start":{"line":106,"column":6},"end":{"line":107,"column":49}}]},"24":{"type":"branch","line":108,"loc":{"start":{"line":108,"column":6},"end":{"line":109,"column":49}},"locations":[{"start":{"line":108,"column":6},"end":{"line":109,"column":49}}]},"25":{"type":"branch","line":111,"loc":{"start":{"line":111,"column":3},"end":{"line":131,"column":3}},"locations":[{"start":{"line":111,"column":3},"end":{"line":131,"column":3}}]},"26":{"type":"branch","line":111,"loc":{"start":{"line":111,"column":29},"end":{"line":121,"column":3}},"locations":[{"start":{"line":111,"column":29},"end":{"line":121,"column":3}}]},"27":{"type":"branch","line":114,"loc":{"start":{"line":114,"column":6},"end":{"line":115,"column":49}},"locations":[{"start":{"line":114,"column":6},"end":{"line":115,"column":49}}]},"28":{"type":"branch","line":116,"loc":{"start":{"line":116,"column":6},"end":{"line":117,"column":50}},"locations":[{"start":{"line":116,"column":6},"end":{"line":117,"column":50}}]},"29":{"type":"branch","line":118,"loc":{"start":{"line":118,"column":6},"end":{"line":119,"column":52}},"locations":[{"start":{"line":118,"column":6},"end":{"line":119,"column":52}}]},"30":{"type":"branch","line":121,"loc":{"start":{"line":121,"column":3},"end":{"line":131,"column":3}},"locations":[{"start":{"line":121,"column":3},"end":{"line":131,"column":3}}]},"31":{"type":"branch","line":124,"loc":{"start":{"line":124,"column":6},"end":{"line":125,"column":50}},"locations":[{"start":{"line":124,"column":6},"end":{"line":125,"column":50}}]},"32":{"type":"branch","line":126,"loc":{"start":{"line":126,"column":6},"end":{"line":127,"column":53}},"locations":[{"start":{"line":126,"column":6},"end":{"line":127,"column":53}}]},"33":{"type":"branch","line":128,"loc":{"start":{"line":128,"column":6},"end":{"line":129,"column":48}},"locations":[{"start":{"line":128,"column":6},"end":{"line":129,"column":48}}]}},"b":{"0":[1],"1":[0],"2":[3],"3":[2506],"4":[3],"5":[1],"6":[0],"7":[0],"8":[2],"9":[1],"10":[0],"11":[0],"12":[0],"13":[0],"14":[1],"15":[3],"16":[3],"17":[2],"18":[2503],"19":[2503],"20":[2503],"21":[676],"22":[562],"23":[67],"24":[47],"25":[1827],"26":[470],"27":[264],"28":[32],"29":[174],"30":[1357],"31":[139],"32":[1001],"33":[217]},"fnMap":{"0":{"name":"sum","decl":{"start":{"line":30,"column":10},"end":{"line":30,"column":57}},"loc":{"start":{"line":30,"column":10},"end":{"line":30,"column":57}},"line":30},"1":{"name":"matchWinner","decl":{"start":{"line":32,"column":18},"end":{"line":64,"column":1}},"loc":{"start":{"line":32,"column":18},"end":{"line":64,"column":1}},"line":32},"2":{"name":"totalScore","decl":{"start":{"line":66,"column":7},"end":{"line":73,"column":1}},"loc":{"start":{"line":66,"column":7},"end":{"line":73,"column":1}},"line":66},"3":{"name":"secondTotalScore","decl":{"start":{"line":74,"column":7},"end":{"line":87,"column":1}},"loc":{"start":{"line":74,"column":7},"end":{"line":87,"column":1}},"line":74},"4":{"name":"secondPartMatchWinner","decl":{"start":{"line":100,"column":28},"end":{"line":132,"column":1}},"loc":{"start":{"line":100,"column":28},"end":{"line":132,"column":1}},"line":100}},"f":{"0":3,"1":3,"2":1,"3":2,"4":2503}}
}
