TN:
SF:day2/index.js
FN:30,sum
FN:32,matchWinner
FN:66,totalScore
FN:74,secondTotalScore
FN:100,secondPartMatchWinner
FNF:5
FNH:5
FNDA:3,sum
FNDA:3,matchWinner
FNDA:1,totalScore
FNDA:2,secondTotalScore
FNDA:2503,secondPartMatchWinner
DA:1,1
DA:2,1
DA:3,1
DA:4,1
DA:5,1
DA:6,1
DA:7,1
DA:8,1
DA:9,1
DA:10,1
DA:11,1
DA:12,1
DA:13,0
DA:14,0
DA:15,1
DA:16,1
DA:17,1
DA:18,1
DA:19,1
DA:20,1
DA:21,1
DA:22,1
DA:23,1
DA:24,1
DA:25,1
DA:26,1
DA:27,1
DA:28,1
DA:29,1
DA:30,1
DA:31,1
DA:32,1
DA:33,3
DA:34,1
DA:35,1
DA:36,1
DA:37,0
DA:38,1
DA:39,1
DA:40,1
DA:41,0
DA:42,1
DA:43,3
DA:44,1
DA:45,1
DA:46,1
DA:47,1
DA:48,1
DA:49,0
DA:50,1
DA:51,0
DA:52,1
DA:53,1
DA:54,1
DA:55,1
DA:56,1
DA:57,0
DA:58,1
DA:59,1
DA:60,1
DA:61,1
DA:62,1
DA:63,1
DA:64,1
DA:65,1
DA:66,1
DA:67,1
DA:68,1
DA:69,1
DA:70,1
DA:71,1
DA:72,1
DA:73,1
DA:74,1
DA:75,2
DA:76,2
DA:77,2
DA:78,2
DA:79,2
DA:80,2
DA:81,2
DA:82,2
DA:83,2
DA:84,2
DA:85,2
DA:86,2
DA:87,2
DA:88,1
DA:89,1
DA:90,1
DA:91,1
DA:92,1
DA:93,1
DA:94,1
DA:95,1
DA:96,1
DA:97,1
DA:98,1
DA:99,1
DA:100,1
DA:101,2503
DA:102,676
DA:103,676
DA:104,676
DA:105,562
DA:106,676
DA:107,67
DA:108,676
DA:109,47
DA:110,676
DA:111,2503
DA:112,470
DA:113,470
DA:114,470
DA:115,264
DA:116,470
DA:117,32
DA:118,470
DA:119,174
DA:120,470
DA:121,1827
DA:122,1357
DA:123,1357
DA:124,1357
DA:125,139
DA:126,1357
DA:127,1001
DA:128,1357
DA:129,217
DA:130,1357
DA:131,1357
DA:132,1
DA:133,1
DA:134,1
DA:135,1
LF:135
LH:128
BRDA:1,0,0,1
BRDA:12,1,0,0
BRDA:30,2,0,3
BRDA:30,3,0,2506
BRDA:32,4,0,3
BRDA:33,5,0,1
BRDA:36,6,0,0
BRDA:40,7,0,0
BRDA:43,8,0,2
BRDA:43,9,0,1
BRDA:48,10,0,0
BRDA:50,11,0,0
BRDA:56,12,0,0
BRDA:58,13,0,0
BRDA:66,14,0,1
BRDA:70,15,0,3
BRDA:72,16,0,3
BRDA:74,17,0,2
BRDA:78,18,0,2503
BRDA:86,19,0,2503
BRDA:100,20,0,2503
BRDA:101,21,0,676
BRDA:104,22,0,562
BRDA:106,23,0,67
BRDA:108,24,0,47
BRDA:111,25,0,1827
BRDA:111,26,0,470
BRDA:114,27,0,264
BRDA:116,28,0,32
BRDA:118,29,0,174
BRDA:121,30,0,1357
BRDA:124,31,0,139
BRDA:126,32,0,1001
BRDA:128,33,0,217
BRF:34
BRH:27
end_of_record
